Vivado Simulator v2023.1
Copyright 1986-2022 Xilinx, Inc. All Rights Reserved.
Copyright 2022-2023 Advanced Micro Devices, Inc. All Rights Reserved.
Running: /data/Downloads/Vivado/2023.1/bin/unwrapped/lnx64.o/xelab --incr --debug typical --relax --mt 8 -L xil_defaultlib -L axi_infrastructure_v1_1_0 -L axi_vip_v1_1_14 -L processing_system7_vip_v1_0_16 -L axi_lite_ipif_v3_0_4 -L lib_cdc_v1_0_2 -L interrupt_control_v3_1_4 -L axi_gpio_v2_0_30 -L generic_baseblocks_v2_1_0 -L axi_register_slice_v2_1_28 -L fifo_generator_v13_2_8 -L axi_data_fifo_v2_1_27 -L axi_crossbar_v2_1_29 -L proc_sys_reset_v5_0_13 -L dist_mem_gen_v8_0_13 -L lib_pkg_v1_0_2 -L lib_srl_fifo_v1_0_2 -L lib_fifo_v1_0_17 -L axi_quad_spi_v3_2_27 -L axi_iic_v2_1_4 -L axi_protocol_converter_v2_1_28 -L uvm -L xilinx_vip -L unisims_ver -L unimacro_ver -L secureip -L xpm --snapshot design_1_wrapper_behav xil_defaultlib.design_1_wrapper xil_defaultlib.glbl -log elaborate.log 
Using 8 slave threads.
Starting static elaboration
Pass Through NonSizing Optimizer
WARNING: [VRFC 10-3091] actual bit length 128 differs from formal bit length 64 for port 'WR_DATA_STRB' [/scratch/proj/xbuilds/SWIP/2023.1_0507_1903/infra/XSIM/lin/.cxl.ip/incl/processing_system7_vip_v1_0_16_axi_gp.v:208]
WARNING: [VRFC 10-3091] actual bit length 12 differs from formal bit length 6 for port 'm_axi_bid' [/wrk/ci/prod/2023.1/sw/continuous/3753/packages/customer/vivado/data/ip/xilinx/processing_system7_vip_v1_0/hdl/processing_system7_vip_v1_0_vl_rfs.sv:5546]
WARNING: [VRFC 10-3091] actual bit length 12 differs from formal bit length 6 for port 'm_axi_rid' [/wrk/ci/prod/2023.1/sw/continuous/3753/packages/customer/vivado/data/ip/xilinx/processing_system7_vip_v1_0/hdl/processing_system7_vip_v1_0_vl_rfs.sv:5564]
WARNING: [VRFC 10-3091] actual bit length 128 differs from formal bit length 64 for port 'WR_DATA_STRB' [/scratch/proj/xbuilds/SWIP/2023.1_0507_1903/infra/XSIM/lin/.cxl.ip/incl/processing_system7_vip_v1_0_16_axi_gp.v:292]
WARNING: [VRFC 10-3091] actual bit length 8 differs from formal bit length 9 for port 'WR_BYTES' [/scratch/proj/xbuilds/SWIP/2023.1_0507_1903/infra/XSIM/lin/.cxl.ip/incl/processing_system7_vip_v1_0_16_axi_hp.v:80]
WARNING: [VRFC 10-3091] actual bit length 8 differs from formal bit length 9 for port 'RD_BYTES' [/scratch/proj/xbuilds/SWIP/2023.1_0507_1903/infra/XSIM/lin/.cxl.ip/incl/processing_system7_vip_v1_0_16_axi_hp.v:89]
WARNING: [VRFC 10-3091] actual bit length 12 differs from formal bit length 6 for port 'm_axi_bid' [/wrk/ci/prod/2023.1/sw/continuous/3753/packages/customer/vivado/data/ip/xilinx/processing_system7_vip_v1_0/hdl/processing_system7_vip_v1_0_vl_rfs.sv:10256]
WARNING: [VRFC 10-3091] actual bit length 12 differs from formal bit length 6 for port 'm_axi_rid' [/wrk/ci/prod/2023.1/sw/continuous/3753/packages/customer/vivado/data/ip/xilinx/processing_system7_vip_v1_0/hdl/processing_system7_vip_v1_0_vl_rfs.sv:10274]
WARNING: [VRFC 10-3091] actual bit length 32 differs from formal bit length 64 for port 'm_axi_rdata' [/wrk/ci/prod/2023.1/sw/continuous/3753/packages/customer/vivado/data/ip/xilinx/processing_system7_vip_v1_0/hdl/processing_system7_vip_v1_0_vl_rfs.sv:10275]
WARNING: [VRFC 10-3091] actual bit length 8 differs from formal bit length 9 for port 'WR_BYTES' [/scratch/proj/xbuilds/SWIP/2023.1_0507_1903/infra/XSIM/lin/.cxl.ip/incl/processing_system7_vip_v1_0_16_axi_hp.v:165]
WARNING: [VRFC 10-3091] actual bit length 8 differs from formal bit length 9 for port 'RD_BYTES' [/scratch/proj/xbuilds/SWIP/2023.1_0507_1903/infra/XSIM/lin/.cxl.ip/incl/processing_system7_vip_v1_0_16_axi_hp.v:174]
WARNING: [VRFC 10-3091] actual bit length 8 differs from formal bit length 9 for port 'WR_BYTES' [/scratch/proj/xbuilds/SWIP/2023.1_0507_1903/infra/XSIM/lin/.cxl.ip/incl/processing_system7_vip_v1_0_16_axi_hp.v:251]
WARNING: [VRFC 10-3091] actual bit length 8 differs from formal bit length 9 for port 'RD_BYTES' [/scratch/proj/xbuilds/SWIP/2023.1_0507_1903/infra/XSIM/lin/.cxl.ip/incl/processing_system7_vip_v1_0_16_axi_hp.v:260]
WARNING: [VRFC 10-3091] actual bit length 8 differs from formal bit length 9 for port 'WR_BYTES' [/scratch/proj/xbuilds/SWIP/2023.1_0507_1903/infra/XSIM/lin/.cxl.ip/incl/processing_system7_vip_v1_0_16_axi_hp.v:337]
WARNING: [VRFC 10-3091] actual bit length 8 differs from formal bit length 9 for port 'RD_BYTES' [/scratch/proj/xbuilds/SWIP/2023.1_0507_1903/infra/XSIM/lin/.cxl.ip/incl/processing_system7_vip_v1_0_16_axi_hp.v:346]
WARNING: [VRFC 10-3091] actual bit length 12 differs from formal bit length 3 for port 'm_axi_bid' [/wrk/ci/prod/2023.1/sw/continuous/3753/packages/customer/vivado/data/ip/xilinx/processing_system7_vip_v1_0/hdl/processing_system7_vip_v1_0_vl_rfs.sv:7157]
WARNING: [VRFC 10-3091] actual bit length 12 differs from formal bit length 3 for port 'm_axi_rid' [/wrk/ci/prod/2023.1/sw/continuous/3753/packages/customer/vivado/data/ip/xilinx/processing_system7_vip_v1_0/hdl/processing_system7_vip_v1_0_vl_rfs.sv:7175]
WARNING: [VRFC 10-3091] actual bit length 32 differs from formal bit length 64 for port 'm_axi_rdata' [/wrk/ci/prod/2023.1/sw/continuous/3753/packages/customer/vivado/data/ip/xilinx/processing_system7_vip_v1_0/hdl/processing_system7_vip_v1_0_vl_rfs.sv:7176]
WARNING: [VRFC 10-5021] port 'ip2intc_irpt' is not connected on this instance [/data/Downloads/Vivado/2023.1/project_2/project_2.ip_user_files/bd/design_1/sim/design_1.v:339]
WARNING: [VRFC 10-5021] port 'ip2intc_irpt' is not connected on this instance [/data/Downloads/Vivado/2023.1/project_2/project_2.ip_user_files/bd/design_1/sim/design_1.v:362]
WARNING: [VRFC 10-5021] port 'iic2intc_irpt' is not connected on this instance [/data/Downloads/Vivado/2023.1/project_2/project_2.ip_user_files/bd/design_1/sim/design_1.v:408]
WARNING: [VRFC 10-5021] port 'ip2intc_irpt' is not connected on this instance [/data/Downloads/Vivado/2023.1/project_2/project_2.ip_user_files/bd/design_1/sim/design_1.v:434]
WARNING: [VRFC 10-5021] port 'mb_reset' is not connected on this instance [/data/Downloads/Vivado/2023.1/project_2/project_2.ip_user_files/bd/design_1/sim/design_1.v:691]
WARNING: [VRFC 10-5021] port 'ENET0_GMII_RXD' is not connected on this instance [/data/Downloads/Vivado/2023.1/project_2/project_2.ip_user_files/bd/design_1/ip/design_1_processing_system7_0_0/sim/design_1_processing_system7_0_0.v:191]
WARNING: [VRFC 10-3027] 'ocm_wr_strb_port0' was previously declared with a different range [/wrk/ci/prod/2023.1/sw/continuous/3753/packages/customer/vivado/data/ip/xilinx/processing_system7_vip_v1_0/hdl/processing_system7_vip_v1_0_vl_rfs.sv:3809]
WARNING: [VRFC 10-5021] port 'aclk2x' is not connected on this instance [/wrk/ci/prod/2023.1/sw/continuous/3753/packages/customer/vivado/data/ip/xilinx/axi_protocol_converter_v2_1/hdl/axi_protocol_converter_v2_1_vl_rfs.v:4376]
WARNING: [VRFC 10-5021] port 'aclk2x' is not connected on this instance [/wrk/ci/prod/2023.1/sw/continuous/3753/packages/customer/vivado/data/ip/xilinx/axi_protocol_converter_v2_1/hdl/axi_protocol_converter_v2_1_vl_rfs.v:4631]
WARNING: [VRFC 10-3705] select index 64 into 'wrp_strb' is out of bounds [/wrk/ci/prod/2023.1/sw/continuous/3753/packages/customer/vivado/data/ip/xilinx/processing_system7_vip_v1_0/hdl/processing_system7_vip_v1_0_vl_rfs.sv:6134]
WARNING: [VRFC 10-3705] select index 128 into 'wrp_strb' is out of bounds [/wrk/ci/prod/2023.1/sw/continuous/3753/packages/customer/vivado/data/ip/xilinx/processing_system7_vip_v1_0/hdl/processing_system7_vip_v1_0_vl_rfs.sv:10898]
WARNING: [VRFC 10-3705] select index 128 into 'wrp_strb' is out of bounds [/wrk/ci/prod/2023.1/sw/continuous/3753/packages/customer/vivado/data/ip/xilinx/processing_system7_vip_v1_0/hdl/processing_system7_vip_v1_0_vl_rfs.sv:7772]
WARNING: [VRFC 10-3705] select index 4 into 'wr_fifo_rd_ptr' is out of bounds [/wrk/ci/prod/2023.1/sw/continuous/3753/packages/customer/vivado/data/ip/xilinx/processing_system7_vip_v1_0/hdl/processing_system7_vip_v1_0_vl_rfs.sv:7985]
WARNING: [VRFC 10-3705] select index 4 into 'ar_cnt' is out of bounds [/wrk/ci/prod/2023.1/sw/continuous/3753/packages/customer/vivado/data/ip/xilinx/processing_system7_vip_v1_0/hdl/processing_system7_vip_v1_0_vl_rfs.sv:8124]
WARNING: [VRFC 10-3705] select index 4 into 'wr_rresp_cnt' is out of bounds [/wrk/ci/prod/2023.1/sw/continuous/3753/packages/customer/vivado/data/ip/xilinx/processing_system7_vip_v1_0/hdl/processing_system7_vip_v1_0_vl_rfs.sv:8221]
WARNING: [VRFC 10-3705] select index 4 into 'rd_fifo_wr_ptr' is out of bounds [/wrk/ci/prod/2023.1/sw/continuous/3753/packages/customer/vivado/data/ip/xilinx/processing_system7_vip_v1_0/hdl/processing_system7_vip_v1_0_vl_rfs.sv:8240]
WARNING: [VRFC 10-3705] select index 4 into 'rd_cnt' is out of bounds [/wrk/ci/prod/2023.1/sw/continuous/3753/packages/customer/vivado/data/ip/xilinx/processing_system7_vip_v1_0/hdl/processing_system7_vip_v1_0_vl_rfs.sv:8381]
WARNING: [VRFC 10-3705] select index 4 into 'rresp_time_cnt' is out of bounds [/wrk/ci/prod/2023.1/sw/continuous/3753/packages/customer/vivado/data/ip/xilinx/processing_system7_vip_v1_0/hdl/processing_system7_vip_v1_0_vl_rfs.sv:8386]
WARNING: [VRFC 10-3705] select index 4 into 'rd_fifo_rd_ptr' is out of bounds [/wrk/ci/prod/2023.1/sw/continuous/3753/packages/customer/vivado/data/ip/xilinx/processing_system7_vip_v1_0/hdl/processing_system7_vip_v1_0_vl_rfs.sv:8391]
Completed static elaboration
Starting simulation data flow analysis
Completed simulation data flow analysis
Time Resolution for simulation is 1ps
Compiling package std.standard
Compiling package std.textio
Compiling package ieee.std_logic_1164
Compiling package ieee.numeric_std
Compiling package ieee.std_logic_arith
Compiling package ieee.std_logic_unsigned
Compiling package synopsys.attributes
Compiling package ieee.std_logic_misc
Compiling package axi_lite_ipif_v3_0_4.ipif_pkg
Compiling package unisim.vcomponents
Compiling package ieee.vital_timing
Compiling package ieee.vital_primitives
Compiling package unisim.vpkg
Compiling package axi_iic_v2_1_4.iic_pkg
Compiling package ieee.std_logic_signed
Compiling package xpm.vcomponents
Compiling package lib_pkg_v1_0_2.lib_pkg
Compiling package xil_defaultlib.design_1_xadc_wiz_0_0_ipif_pkg
Compiling package xil_defaultlib.design_1_xadc_wiz_0_0_proc_commo...
Compiling package xil_defaultlib.design_1_xadc_wiz_0_0_family_sup...
Compiling package xilinx_vip.axi_vip_pkg
Compiling package xilinx_vip.xil_common_vip_pkg
Compiling package std.std
Compiling architecture implementation of entity interrupt_control_v3_1_4.interrupt_control [\interrupt_control(c_num_ce=16,c...]
Compiling architecture imp of entity axi_lite_ipif_v3_0_4.pselect_f [\pselect_f(c_ab=5,c_aw=9,c_bar="...]
Compiling architecture imp of entity axi_lite_ipif_v3_0_4.pselect_f [\pselect_f(c_ab=2,c_aw=2,c_bar="...]
Compiling architecture imp of entity axi_lite_ipif_v3_0_4.pselect_f [\pselect_f(c_ab=2,c_aw=2,c_bar="...]
Compiling architecture imp of entity axi_lite_ipif_v3_0_4.pselect_f [\pselect_f(c_ab=2,c_aw=2,c_bar="...]
Compiling architecture imp of entity axi_lite_ipif_v3_0_4.pselect_f [\pselect_f(c_ab=2,c_aw=2,c_bar="...]
Compiling architecture imp of entity axi_lite_ipif_v3_0_4.pselect_f [\pselect_f(c_ab=1,c_aw=9,c_bar="...]
Compiling architecture imp of entity axi_lite_ipif_v3_0_4.pselect_f [\pselect_f(c_ab=4,c_aw=4,c_bar="...]
Compiling architecture imp of entity axi_lite_ipif_v3_0_4.pselect_f [\pselect_f(c_ab=4,c_aw=4,c_bar="...]
Compiling architecture imp of entity axi_lite_ipif_v3_0_4.pselect_f [\pselect_f(c_ab=4,c_aw=4,c_bar="...]
Compiling architecture imp of entity axi_lite_ipif_v3_0_4.pselect_f [\pselect_f(c_ab=4,c_aw=4,c_bar="...]
Compiling architecture imp of entity axi_lite_ipif_v3_0_4.pselect_f [\pselect_f(c_ab=4,c_aw=4,c_bar="...]
Compiling architecture imp of entity axi_lite_ipif_v3_0_4.pselect_f [\pselect_f(c_ab=4,c_aw=4,c_bar="...]
Compiling architecture imp of entity axi_lite_ipif_v3_0_4.pselect_f [\pselect_f(c_ab=4,c_aw=4,c_bar="...]
Compiling architecture imp of entity axi_lite_ipif_v3_0_4.pselect_f [\pselect_f(c_ab=4,c_aw=4,c_bar="...]
Compiling architecture imp of entity axi_lite_ipif_v3_0_4.pselect_f [\pselect_f(c_ab=4,c_aw=4,c_bar="...]
Compiling architecture imp of entity axi_lite_ipif_v3_0_4.pselect_f [\pselect_f(c_ab=4,c_aw=4,c_bar="...]
Compiling architecture imp of entity axi_lite_ipif_v3_0_4.pselect_f [\pselect_f(c_ab=4,c_aw=4,c_bar="...]
Compiling architecture imp of entity axi_lite_ipif_v3_0_4.pselect_f [\pselect_f(c_ab=4,c_aw=4,c_bar="...]
Compiling architecture imp of entity axi_lite_ipif_v3_0_4.pselect_f [\pselect_f(c_ab=4,c_aw=4,c_bar="...]
Compiling architecture imp of entity axi_lite_ipif_v3_0_4.pselect_f [\pselect_f(c_ab=4,c_aw=4,c_bar="...]
Compiling architecture imp of entity axi_lite_ipif_v3_0_4.pselect_f [\pselect_f(c_ab=4,c_aw=4,c_bar="...]
Compiling architecture imp of entity axi_lite_ipif_v3_0_4.pselect_f [\pselect_f(c_ab=4,c_aw=4,c_bar="...]
Compiling architecture imp of entity axi_lite_ipif_v3_0_4.address_decoder [\address_decoder(c_bus_awidth=9,...]
Compiling architecture imp of entity axi_lite_ipif_v3_0_4.slave_attachment [\slave_attachment(c_ard_addr_ran...]
Compiling architecture imp of entity axi_lite_ipif_v3_0_4.axi_lite_ipif [\axi_lite_ipif(c_s_axi_addr_widt...]
Compiling architecture fdre_v of entity unisim.FDRE [fdre_default]
Compiling architecture fdr_v of entity unisim.FDR [fdr_default]
Compiling architecture implementation of entity lib_cdc_v1_0_2.cdc_sync [\cdc_sync(c_single_bit=0,c_vecto...]
Compiling architecture imp of entity axi_gpio_v2_0_30.GPIO_Core [\GPIO_Core(c_aw=9,c_gpio_width=1...]
Compiling architecture imp of entity axi_gpio_v2_0_30.axi_gpio [\axi_gpio(c_family="zynq",c_gpio...]
Compiling architecture design_1_axi_gpio_0_0_arch of entity xil_defaultlib.design_1_axi_gpio_0_0 [design_1_axi_gpio_0_0_default]
Compiling architecture implementation of entity interrupt_control_v3_1_4.interrupt_control [\interrupt_control(c_num_ce=16,c...]
Compiling architecture implementation of entity lib_cdc_v1_0_2.cdc_sync [\cdc_sync(c_single_bit=0,c_vecto...]
Compiling architecture implementation of entity lib_cdc_v1_0_2.cdc_sync [\cdc_sync(c_single_bit=0,c_vecto...]
Compiling architecture imp of entity axi_gpio_v2_0_30.GPIO_Core [\GPIO_Core(c_aw=9,c_gpio_width=6...]
Compiling architecture imp of entity axi_gpio_v2_0_30.axi_gpio [\axi_gpio(c_family="zynq",c_gpio...]
Compiling architecture design_1_axi_gpio_1_0_arch of entity xil_defaultlib.design_1_axi_gpio_1_0 [design_1_axi_gpio_1_0_default]
Compiling architecture imp of entity axi_lite_ipif_v3_0_4.address_decoder [\address_decoder(c_bus_awidth=9,...]
Compiling architecture imp of entity axi_lite_ipif_v3_0_4.slave_attachment [\slave_attachment(c_ard_addr_ran...]
Compiling architecture imp of entity axi_lite_ipif_v3_0_4.axi_lite_ipif [\axi_lite_ipif(c_s_axi_addr_widt...]
Compiling architecture implementation of entity lib_cdc_v1_0_2.cdc_sync [\cdc_sync(c_single_bit=0,c_vecto...]
Compiling architecture imp of entity axi_gpio_v2_0_30.GPIO_Core [\GPIO_Core(c_aw=9,c_gpio_width=4...]
Compiling architecture imp of entity axi_gpio_v2_0_30.axi_gpio [\axi_gpio(c_family="zynq",c_gpio...]
Compiling architecture design_1_axi_gpio_2_0_arch of entity xil_defaultlib.design_1_axi_gpio_2_0 [design_1_axi_gpio_2_0_default]
Compiling architecture imp of entity axi_lite_ipif_v3_0_4.pselect_f [\pselect_f(c_ab=3,c_aw=9,c_bar="...]
Compiling architecture imp of entity axi_lite_ipif_v3_0_4.pselect_f [\pselect_f(c_ab=7,c_aw=9,c_bar="...]
Compiling architecture imp of entity axi_lite_ipif_v3_0_4.pselect_f [\pselect_f(c_ab=5,c_aw=5,c_bar="...]
Compiling architecture imp of entity axi_lite_ipif_v3_0_4.pselect_f [\pselect_f(c_ab=5,c_aw=5,c_bar="...]
Compiling architecture imp of entity axi_lite_ipif_v3_0_4.pselect_f [\pselect_f(c_ab=5,c_aw=5,c_bar="...]
Compiling architecture imp of entity axi_lite_ipif_v3_0_4.pselect_f [\pselect_f(c_ab=5,c_aw=5,c_bar="...]
Compiling architecture imp of entity axi_lite_ipif_v3_0_4.pselect_f [\pselect_f(c_ab=5,c_aw=5,c_bar="...]
Compiling architecture imp of entity axi_lite_ipif_v3_0_4.pselect_f [\pselect_f(c_ab=5,c_aw=5,c_bar="...]
Compiling architecture imp of entity axi_lite_ipif_v3_0_4.pselect_f [\pselect_f(c_ab=5,c_aw=5,c_bar="...]
Compiling architecture imp of entity axi_lite_ipif_v3_0_4.pselect_f [\pselect_f(c_ab=5,c_aw=5,c_bar="...]
Compiling architecture imp of entity axi_lite_ipif_v3_0_4.pselect_f [\pselect_f(c_ab=5,c_aw=5,c_bar="...]
Compiling architecture imp of entity axi_lite_ipif_v3_0_4.pselect_f [\pselect_f(c_ab=5,c_aw=5,c_bar="...]
Compiling architecture imp of entity axi_lite_ipif_v3_0_4.pselect_f [\pselect_f(c_ab=5,c_aw=5,c_bar="...]
Compiling architecture imp of entity axi_lite_ipif_v3_0_4.pselect_f [\pselect_f(c_ab=5,c_aw=5,c_bar="...]
Compiling architecture imp of entity axi_lite_ipif_v3_0_4.pselect_f [\pselect_f(c_ab=5,c_aw=5,c_bar="...]
Compiling architecture imp of entity axi_lite_ipif_v3_0_4.pselect_f [\pselect_f(c_ab=5,c_aw=5,c_bar="...]
Compiling architecture imp of entity axi_lite_ipif_v3_0_4.pselect_f [\pselect_f(c_ab=5,c_aw=5,c_bar="...]
Compiling architecture imp of entity axi_lite_ipif_v3_0_4.pselect_f [\pselect_f(c_ab=5,c_aw=5,c_bar="...]
Compiling architecture imp of entity axi_lite_ipif_v3_0_4.pselect_f [\pselect_f(c_ab=5,c_aw=5,c_bar="...]
Compiling architecture imp of entity axi_lite_ipif_v3_0_4.pselect_f [\pselect_f(c_ab=5,c_aw=5,c_bar="...]
Compiling architecture imp of entity axi_lite_ipif_v3_0_4.address_decoder [\address_decoder(c_bus_awidth=9,...]
Compiling architecture imp of entity axi_lite_ipif_v3_0_4.slave_attachment [\slave_attachment(c_ard_addr_ran...]
Compiling architecture imp of entity axi_lite_ipif_v3_0_4.axi_lite_ipif [\axi_lite_ipif(c_s_axi_addr_widt...]
Compiling architecture implementation of entity interrupt_control_v3_1_4.interrupt_control [\interrupt_control(c_num_ce=16,c...]
Compiling architecture lut4_v of entity unisim.LUT4 [\LUT4(init="1111111111001010")(0...]
Compiling architecture fdrse_v of entity unisim.FDRSE [fdrse_default]
Compiling architecture implementation of entity axi_iic_v2_1_4.soft_reset [soft_reset_default]
Compiling architecture rtl of entity axi_iic_v2_1_4.axi_ipif_ssp1 [\axi_ipif_ssp1(c_num_iic_regs=18...]
Compiling architecture rtl of entity axi_iic_v2_1_4.reg_interface [\reg_interface(c_scl_inertial_de...]
Compiling architecture implementation of entity lib_cdc_v1_0_2.cdc_sync [\cdc_sync(c_mtbf_stages=4)\]
Compiling architecture rtl of entity axi_iic_v2_1_4.debounce [\debounce(c_inertial_delay=0)\]
Compiling architecture rtl of entity axi_iic_v2_1_4.filter [\filter(scl_inertial_delay=0,sda...]
Compiling architecture rtl of entity axi_iic_v2_1_4.upcnt_n [\upcnt_n(c_size=10)\]
Compiling architecture rtl of entity axi_iic_v2_1_4.shift8 [shift8_default]
Compiling architecture rtl of entity axi_iic_v2_1_4.upcnt_n [\upcnt_n(c_size=4)\]
Compiling architecture rtl of entity axi_iic_v2_1_4.iic_control [\iic_control(c_scl_inertial_dela...]
Compiling architecture muxcy_v of entity unisim.MUXCY [muxcy_default]
Compiling architecture muxcy_l_v of entity unisim.MUXCY_L [muxcy_l_default]
Compiling architecture xorcy_v of entity unisim.XORCY [xorcy_default]
Compiling architecture srl16e_v of entity unisim.SRL16E [\SRL16E(0,15)\]
Compiling architecture imp of entity axi_iic_v2_1_4.SRL_FIFO [\SRL_FIFO(c_depth=4)\]
Compiling architecture rtl of entity axi_iic_v2_1_4.dynamic_master [dynamic_master_default]
Compiling architecture imp of entity axi_iic_v2_1_4.SRL_FIFO [\SRL_FIFO(c_data_bits=2,c_depth=...]
Compiling architecture rtl of entity axi_iic_v2_1_4.iic [\iic(c_num_iic_regs=18,c_gpo_wid...]
Compiling architecture rtl of entity axi_iic_v2_1_4.axi_iic [\axi_iic(c_family="zynq",c_s_axi...]
Compiling architecture design_1_axi_iic_0_0_arch of entity xil_defaultlib.design_1_axi_iic_0_0 [design_1_axi_iic_0_0_default]
Compiling architecture imp of entity axi_lite_ipif_v3_0_4.pselect_f [\pselect_f(c_ab=1,c_aw=7,c_bar="...]
Compiling architecture imp of entity axi_lite_ipif_v3_0_4.pselect_f [\pselect_f(c_ab=2,c_aw=7,c_bar="...]
Compiling architecture imp of entity axi_lite_ipif_v3_0_4.pselect_f [\pselect_f(c_ab=3,c_aw=3,c_bar="...]
Compiling architecture imp of entity axi_lite_ipif_v3_0_4.pselect_f [\pselect_f(c_ab=3,c_aw=3,c_bar="...]
Compiling architecture imp of entity axi_lite_ipif_v3_0_4.pselect_f [\pselect_f(c_ab=3,c_aw=3,c_bar="...]
Compiling architecture imp of entity axi_lite_ipif_v3_0_4.pselect_f [\pselect_f(c_ab=3,c_aw=3,c_bar="...]
Compiling architecture imp of entity axi_lite_ipif_v3_0_4.pselect_f [\pselect_f(c_ab=3,c_aw=3,c_bar="...]
Compiling architecture imp of entity axi_lite_ipif_v3_0_4.pselect_f [\pselect_f(c_ab=3,c_aw=3,c_bar="...]
Compiling architecture imp of entity axi_lite_ipif_v3_0_4.pselect_f [\pselect_f(c_ab=3,c_aw=3,c_bar="...]
Compiling architecture imp of entity axi_lite_ipif_v3_0_4.pselect_f [\pselect_f(c_ab=3,c_aw=3,c_bar="...]
Compiling architecture imp of entity axi_lite_ipif_v3_0_4.pselect_f [\pselect_f(c_ab=2,c_aw=7,c_bar="...]
Compiling architecture imp of entity axi_lite_ipif_v3_0_4.address_decoder [\address_decoder(c_bus_awidth=7,...]
Compiling architecture imp of entity axi_lite_ipif_v3_0_4.slave_attachment [\slave_attachment(c_ard_addr_ran...]
Compiling architecture imp of entity axi_lite_ipif_v3_0_4.axi_lite_ipif [\axi_lite_ipif(c_s_axi_addr_widt...]
Compiling architecture fdre_v of entity unisim.FDRE [\FDRE(init='1')\]
Compiling architecture fdr_v of entity unisim.FDR [\FDR(init='1')\]
Compiling architecture imp of entity axi_quad_spi_v3_2_27.cross_clk_sync_fifo_1 [\cross_clk_sync_fifo_1(c_family=...]
Compiling architecture implementation of entity lib_cdc_v1_0_2.cdc_sync [\cdc_sync(c_vector_width=1)\]
Compiling architecture imp of entity axi_quad_spi_v3_2_27.counter_f [\counter_f(c_num_bits=4)(1,8)\]
Compiling module xpm.xpm_fifo_base(COMMON_CLOCK=0,FIF...
Compiling module xpm.xpm_fifo_async(FIFO_MEMORY_TYPE=...
Compiling architecture implementation of entity lib_fifo_v1_0_17.async_fifo_fg [\async_fifo_fg(c_allow_2n_depth=...]
Compiling architecture imp of entity axi_quad_spi_v3_2_27.qspi_fifo_ifmodule [\qspi_fifo_ifmodule(c_num_transf...]
Compiling architecture imp of entity axi_quad_spi_v3_2_27.qspi_occupancy_reg [\qspi_occupancy_reg(c_occupancy_...]
Compiling architecture fd_v of entity unisim.FD [\FD(init='1')\]
Compiling architecture imp of entity axi_quad_spi_v3_2_27.qspi_mode_0_module [\qspi_mode_0_module(c_sck_ratio=...]
Compiling architecture imp of entity axi_quad_spi_v3_2_27.qspi_status_slave_sel_reg [\qspi_status_slave_sel_reg(c_spi...]
Compiling architecture imp of entity axi_quad_spi_v3_2_27.reset_sync_module [reset_sync_module_default]
Compiling module xpm.xpm_cdc_sync_rst(DEST_SYNC_FF=2,...
Compiling module xpm.xpm_fifo_rst(COMMON_CLOCK=0)
Compiling module xpm.xpm_fifo_reg_bit
Compiling module xpm.xpm_counter_updn(COUNTER_WIDTH=5...
Compiling module xpm.xpm_counter_updn(RESET_VALUE=1)
Compiling module xpm.xpm_counter_updn(RESET_VALUE=2)
Compiling module xpm.xpm_counter_updn(RESET_VALUE=3)
Compiling module xpm.xpm_memory_base(MEMORY_TYPE=1,ME...
Compiling module xpm.xpm_cdc_gray(DEST_SYNC_FF=2,INIT...
Compiling module xpm.xpm_fifo_reg_vec
Compiling module xpm.xpm_cdc_gray(INIT_SYNC_FF=1,WIDT...
Compiling module xpm.xpm_fifo_reg_vec(REG_WIDTH=5)
Compiling module xpm.xpm_cdc_gray(DEST_SYNC_FF=2,INIT...
Compiling module xpm.xpm_counter_updn(COUNTER_WIDTH=2...
Compiling module xpm.xpm_fifo_base(COMMON_CLOCK=0,FIF...
Compiling module xpm.xpm_fifo_async(FIFO_MEMORY_TYPE=...
Compiling architecture imp of entity axi_quad_spi_v3_2_27.qspi_cntrl_reg [\qspi_cntrl_reg(c_s_axi_data_wid...]
Compiling architecture implementation of entity axi_quad_spi_v3_2_27.soft_reset [\soft_reset(c_reset_width=16)\]
Compiling architecture implementation of entity interrupt_control_v3_1_4.interrupt_control [\interrupt_control(c_num_ce=16,c...]
Compiling architecture imp of entity axi_quad_spi_v3_2_27.qspi_core_interface [\qspi_core_interface(c_family="z...]
Compiling architecture fd_v of entity unisim.FD [fd_default]
Compiling architecture imp of entity axi_quad_spi_v3_2_27.axi_quad_spi_top [\axi_quad_spi_top(c_family="zynq...]
Compiling architecture imp of entity axi_quad_spi_v3_2_27.axi_quad_spi [\axi_quad_spi(c_family="zynq",c_...]
Compiling architecture design_1_axi_quad_spi_0_0_arch of entity xil_defaultlib.design_1_axi_quad_spi_0_0 [design_1_axi_quad_spi_0_0_defaul...]
Compiling module unisims_ver.IBUF
Compiling module unisims_ver.MMCME2_ADV(CLKFBOUT_MULT_F=8.0,C...
Compiling module unisims_ver.BUFG
Compiling module xil_defaultlib.design_1_clk_wiz_0_0_clk_wiz
Compiling module xil_defaultlib.design_1_clk_wiz_0_0
Compiling module processing_system7_vip_v1_0_16.processing_system7_vip_v1_0_16_g...
Compiling module processing_system7_vip_v1_0_16.processing_system7_vip_v1_0_16_g...
Compiling module processing_system7_vip_v1_0_16.processing_system7_vip_v1_0_16_a...
Compiling module processing_system7_vip_v1_0_16.processing_system7_vip_v1_0_16_a...
Compiling module processing_system7_vip_v1_0_16.processing_system7_vip_v1_0_16_f...
Compiling module processing_system7_vip_v1_0_16.processing_system7_vip_v1_0_16_a...
Compiling module processing_system7_vip_v1_0_16.processing_system7_vip_v1_0_16_a...
Compiling module processing_system7_vip_v1_0_16.processing_system7_vip_v1_0_16_a...
Compiling module processing_system7_vip_v1_0_16.processing_system7_vip_v1_0_16_a...
Compiling module processing_system7_vip_v1_0_16.processing_system7_vip_v1_0_16_s...
Compiling module processing_system7_vip_v1_0_16.processing_system7_vip_v1_0_16_i...
Compiling module processing_system7_vip_v1_0_16.processing_system7_vip_v1_0_16_s...
Compiling module processing_system7_vip_v1_0_16.processing_system7_vip_v1_0_16_d...
Compiling module processing_system7_vip_v1_0_16.processing_system7_vip_v1_0_16_o...
Compiling module processing_system7_vip_v1_0_16.processing_system7_vip_v1_0_16_o...
Compiling module processing_system7_vip_v1_0_16.processing_system7_vip_v1_0_16_r...
Compiling module processing_system7_vip_v1_0_16.processing_system7_vip_v1_0_16_r...
Compiling module xilinx_vip.axi_vip_axi4pc(WDATA_WIDTH=32,RD...
Compiling module xilinx_vip.cb
Compiling module xilinx_vip.axi_vip_if(C_AXI_PROTOCOL=1,C_AX...
Compiling module axi_vip_v1_1_14.axi_vip_v1_1_14_top(C_AXI_PROTOC...
Compiling module processing_system7_vip_v1_0_16.processing_system7_vip_v1_0_16_a...
Compiling module processing_system7_vip_v1_0_16.processing_system7_vip_v1_0_16_a...
Compiling module xilinx_vip.axi_vip_axi4pc(WDATA_WIDTH=32,RD...
Compiling module xilinx_vip.cb
Compiling module xilinx_vip.axi_vip_if(C_AXI_PROTOCOL=1,C_AX...
Compiling module axi_vip_v1_1_14.axi_vip_v1_1_14_top(C_AXI_PROTOC...
WARNING: [VRFC 10-3705] select index 64 into 'wrp_strb' is out of bounds [/wrk/ci/prod/2023.1/sw/continuous/3753/packages/customer/vivado/data/ip/xilinx/processing_system7_vip_v1_0/hdl/processing_system7_vip_v1_0_vl_rfs.sv:6134]
Compiling module processing_system7_vip_v1_0_16.processing_system7_vip_v1_0_16_a...
Compiling module processing_system7_vip_v1_0_16.processing_system7_vip_v1_0_16_a...
Compiling module xilinx_vip.axi_vip_axi4pc(PROTOCOL=1,RID_WI...
Compiling module xilinx_vip.cb
Compiling module xilinx_vip.axi_vip_if(C_AXI_PROTOCOL=1,C_AX...
Compiling module axi_vip_v1_1_14.axi_vip_v1_1_14_top(C_AXI_PROTOC...
Compiling module processing_system7_vip_v1_0_16.processing_system7_vip_v1_0_16_i...
WARNING: [VRFC 10-3705] select index 128 into 'wrp_strb' is out of bounds [/wrk/ci/prod/2023.1/sw/continuous/3753/packages/customer/vivado/data/ip/xilinx/processing_system7_vip_v1_0/hdl/processing_system7_vip_v1_0_vl_rfs.sv:10898]
Compiling module processing_system7_vip_v1_0_16.processing_system7_vip_v1_0_16_a...
Compiling module processing_system7_vip_v1_0_16.processing_system7_vip_v1_0_16_a...
Compiling module processing_system7_vip_v1_0_16.processing_system7_vip_v1_0_16_a...
Compiling module processing_system7_vip_v1_0_16.processing_system7_vip_v1_0_16_a...
Compiling module xilinx_vip.axi_vip_axi4pc(PROTOCOL=1,RID_WI...
Compiling module xilinx_vip.cb
Compiling module xilinx_vip.axi_vip_if(C_AXI_PROTOCOL=1,C_AX...
Compiling module axi_vip_v1_1_14.axi_vip_v1_1_14_top(C_AXI_PROTOC...
WARNING: [VRFC 10-3705] select index 128 into 'wrp_strb' is out of bounds [/wrk/ci/prod/2023.1/sw/continuous/3753/packages/customer/vivado/data/ip/xilinx/processing_system7_vip_v1_0/hdl/processing_system7_vip_v1_0_vl_rfs.sv:7772]
WARNING: [VRFC 10-3705] select index 4 into 'wr_fifo_rd_ptr' is out of bounds [/wrk/ci/prod/2023.1/sw/continuous/3753/packages/customer/vivado/data/ip/xilinx/processing_system7_vip_v1_0/hdl/processing_system7_vip_v1_0_vl_rfs.sv:7985]
WARNING: [VRFC 10-3705] select index 4 into 'ar_cnt' is out of bounds [/wrk/ci/prod/2023.1/sw/continuous/3753/packages/customer/vivado/data/ip/xilinx/processing_system7_vip_v1_0/hdl/processing_system7_vip_v1_0_vl_rfs.sv:8124]
WARNING: [VRFC 10-3705] select index 4 into 'wr_rresp_cnt' is out of bounds [/wrk/ci/prod/2023.1/sw/continuous/3753/packages/customer/vivado/data/ip/xilinx/processing_system7_vip_v1_0/hdl/processing_system7_vip_v1_0_vl_rfs.sv:8221]
WARNING: [VRFC 10-3705] select index 4 into 'rd_fifo_wr_ptr' is out of bounds [/wrk/ci/prod/2023.1/sw/continuous/3753/packages/customer/vivado/data/ip/xilinx/processing_system7_vip_v1_0/hdl/processing_system7_vip_v1_0_vl_rfs.sv:8240]
WARNING: [VRFC 10-3705] select index 4 into 'rd_cnt' is out of bounds [/wrk/ci/prod/2023.1/sw/continuous/3753/packages/customer/vivado/data/ip/xilinx/processing_system7_vip_v1_0/hdl/processing_system7_vip_v1_0_vl_rfs.sv:8381]
WARNING: [VRFC 10-3705] select index 4 into 'rresp_time_cnt' is out of bounds [/wrk/ci/prod/2023.1/sw/continuous/3753/packages/customer/vivado/data/ip/xilinx/processing_system7_vip_v1_0/hdl/processing_system7_vip_v1_0_vl_rfs.sv:8386]
WARNING: [VRFC 10-3705] select index 4 into 'rd_fifo_rd_ptr' is out of bounds [/wrk/ci/prod/2023.1/sw/continuous/3753/packages/customer/vivado/data/ip/xilinx/processing_system7_vip_v1_0/hdl/processing_system7_vip_v1_0_vl_rfs.sv:8391]
Compiling module processing_system7_vip_v1_0_16.processing_system7_vip_v1_0_16_a...
Compiling module processing_system7_vip_v1_0_16.processing_system7_vip_v1_0_16(C...
Compiling module xil_defaultlib.design_1_processing_system7_0_0
Compiling module xil_defaultlib.m00_couplers_imp_15SPJYW
Compiling module xil_defaultlib.m01_couplers_imp_XU9C55
Compiling module xil_defaultlib.m02_couplers_imp_14WQB4R
Compiling module xil_defaultlib.m03_couplers_imp_YFYJ3U
Compiling module xil_defaultlib.m04_couplers_imp_17KQ732
Compiling module xil_defaultlib.m05_couplers_imp_VQEDA7
Compiling module axi_infrastructure_v1_1_0.axi_infrastructure_v1_1_0_axi2ve...
Compiling module axi_infrastructure_v1_1_0.axi_infrastructure_v1_1_0_vector...
Compiling module axi_register_slice_v2_1_28.axi_register_slice_v2_1_28_axic_...
Compiling module axi_register_slice_v2_1_28.axi_register_slice_v2_1_28_axic_...
Compiling module axi_register_slice_v2_1_28.axi_register_slice_v2_1_28_axic_...
Compiling module axi_register_slice_v2_1_28.axi_register_slice_v2_1_28_axic_...
Compiling module axi_register_slice_v2_1_28.axi_register_slice_v2_1_28_axi_r...
Compiling module axi_protocol_converter_v2_1_28.axi_protocol_converter_v2_1_28_b...
Compiling module axi_protocol_converter_v2_1_28.axi_protocol_converter_v2_1_28_b...
Compiling module axi_protocol_converter_v2_1_28.axi_protocol_converter_v2_1_28_b...
Compiling module axi_protocol_converter_v2_1_28.axi_protocol_converter_v2_1_28_b...
Compiling module axi_protocol_converter_v2_1_28.axi_protocol_converter_v2_1_28_b...
Compiling module axi_protocol_converter_v2_1_28.axi_protocol_converter_v2_1_28_b...
Compiling module axi_protocol_converter_v2_1_28.axi_protocol_converter_v2_1_28_b...
Compiling module axi_protocol_converter_v2_1_28.axi_protocol_converter_v2_1_28_b...
Compiling module axi_protocol_converter_v2_1_28.axi_protocol_converter_v2_1_28_b...
Compiling module axi_protocol_converter_v2_1_28.axi_protocol_converter_v2_1_28_b...
Compiling module axi_protocol_converter_v2_1_28.axi_protocol_converter_v2_1_28_b...
Compiling module axi_protocol_converter_v2_1_28.axi_protocol_converter_v2_1_28_b...
Compiling module axi_protocol_converter_v2_1_28.axi_protocol_converter_v2_1_28_b...
Compiling module axi_infrastructure_v1_1_0.axi_infrastructure_v1_1_0_axi2ve...
Compiling module axi_infrastructure_v1_1_0.axi_infrastructure_v1_1_0_vector...
Compiling module axi_register_slice_v2_1_28.axi_register_slice_v2_1_28_axic_...
Compiling module axi_register_slice_v2_1_28.axi_register_slice_v2_1_28_axic_...
Compiling module axi_register_slice_v2_1_28.axi_register_slice_v2_1_28_axic_...
Compiling module axi_register_slice_v2_1_28.axi_register_slice_v2_1_28_axic_...
Compiling module axi_register_slice_v2_1_28.axi_register_slice_v2_1_28_axi_r...
Compiling module axi_protocol_converter_v2_1_28.axi_protocol_converter_v2_1_28_b...
Compiling module axi_protocol_converter_v2_1_28.axi_protocol_converter_v2_1_28_a...
Compiling module xil_defaultlib.design_1_auto_pc_0
Compiling module xil_defaultlib.s00_couplers_imp_UYSKKA
Compiling module axi_crossbar_v2_1_29.axi_crossbar_v2_1_29_addr_arbite...
Compiling module generic_baseblocks_v2_1_0.generic_baseblocks_v2_1_0_carry_...
Compiling module generic_baseblocks_v2_1_0.generic_baseblocks_v2_1_0_compar...
Compiling module generic_baseblocks_v2_1_0.generic_baseblocks_v2_1_0_compar...
Compiling module generic_baseblocks_v2_1_0.generic_baseblocks_v2_1_0_compar...
Compiling module generic_baseblocks_v2_1_0.generic_baseblocks_v2_1_0_compar...
Compiling module generic_baseblocks_v2_1_0.generic_baseblocks_v2_1_0_compar...
Compiling module generic_baseblocks_v2_1_0.generic_baseblocks_v2_1_0_compar...
Compiling module axi_crossbar_v2_1_29.axi_crossbar_v2_1_29_addr_decode...
Compiling module axi_crossbar_v2_1_29.axi_crossbar_v2_1_29_splitter(C_...
Compiling module axi_crossbar_v2_1_29.axi_crossbar_v2_1_29_splitter
Compiling module generic_baseblocks_v2_1_0.generic_baseblocks_v2_1_0_mux_en...
Compiling module generic_baseblocks_v2_1_0.generic_baseblocks_v2_1_0_mux_en...
Compiling module generic_baseblocks_v2_1_0.generic_baseblocks_v2_1_0_mux_en...
Compiling module axi_register_slice_v2_1_28.axi_register_slice_v2_1_28_axic_...
Compiling module generic_baseblocks_v2_1_0.generic_baseblocks_v2_1_0_mux_en...
Compiling module axi_crossbar_v2_1_29.axi_crossbar_v2_1_29_decerr_slav...
Compiling module axi_crossbar_v2_1_29.axi_crossbar_v2_1_29_crossbar_sa...
Compiling module axi_crossbar_v2_1_29.axi_crossbar_v2_1_29_axi_crossba...
Compiling module xil_defaultlib.design_1_xbar_0
Compiling module xil_defaultlib.design_1_ps7_0_axi_periph_0
Compiling architecture implementation of entity lib_cdc_v1_0_2.cdc_sync [\cdc_sync(c_vector_width=2,c_mtb...]
Compiling architecture srl16e_v of entity unisim.SRL16E [\SRL16E(init="1111111111111111")...]
Compiling architecture srl16_v of entity unisim.SRL16 [\SRL16(init="1111111111111111")(...]
Compiling architecture imp of entity proc_sys_reset_v5_0_13.lpf [\lpf(c_ext_rst_width=4,c_aux_rst...]
Compiling architecture imp of entity proc_sys_reset_v5_0_13.upcnt_n [\upcnt_n(c_size=6)\]
Compiling architecture imp of entity proc_sys_reset_v5_0_13.sequence_psr [sequence_psr_default]
Compiling architecture imp of entity proc_sys_reset_v5_0_13.proc_sys_reset [\proc_sys_reset(c_family="zynq",...]
Compiling architecture design_1_rst_ps7_0_100m_0_arch of entity xil_defaultlib.design_1_rst_ps7_0_100M_0 [design_1_rst_ps7_0_100m_0_defaul...]
Compiling architecture implementation of entity xil_defaultlib.design_1_xadc_wiz_0_0_interrupt_control [\design_1_xadc_wiz_0_0_interrupt...]
Compiling architecture imp of entity xil_defaultlib.design_1_xadc_wiz_0_0_pselect_f [\design_1_xadc_wiz_0_0_pselect_f...]
Compiling architecture imp of entity xil_defaultlib.design_1_xadc_wiz_0_0_pselect_f [\design_1_xadc_wiz_0_0_pselect_f...]
Compiling architecture imp of entity xil_defaultlib.design_1_xadc_wiz_0_0_pselect_f [\design_1_xadc_wiz_0_0_pselect_f...]
Compiling architecture imp of entity xil_defaultlib.design_1_xadc_wiz_0_0_pselect_f [\design_1_xadc_wiz_0_0_pselect_f...]
Compiling architecture imp of entity xil_defaultlib.design_1_xadc_wiz_0_0_pselect_f [\design_1_xadc_wiz_0_0_pselect_f...]
Compiling architecture imp of entity xil_defaultlib.design_1_xadc_wiz_0_0_pselect_f [\design_1_xadc_wiz_0_0_pselect_f...]
Compiling architecture imp of entity xil_defaultlib.design_1_xadc_wiz_0_0_pselect_f [\design_1_xadc_wiz_0_0_pselect_f...]
Compiling architecture imp of entity xil_defaultlib.design_1_xadc_wiz_0_0_pselect_f [\design_1_xadc_wiz_0_0_pselect_f...]
Compiling architecture imp of entity xil_defaultlib.design_1_xadc_wiz_0_0_pselect_f [\design_1_xadc_wiz_0_0_pselect_f...]
Compiling architecture imp of entity xil_defaultlib.design_1_xadc_wiz_0_0_pselect_f [\design_1_xadc_wiz_0_0_pselect_f...]
Compiling architecture imp of entity xil_defaultlib.design_1_xadc_wiz_0_0_pselect_f [\design_1_xadc_wiz_0_0_pselect_f...]
Compiling architecture imp of entity xil_defaultlib.design_1_xadc_wiz_0_0_pselect_f [\design_1_xadc_wiz_0_0_pselect_f...]
Compiling architecture imp of entity xil_defaultlib.design_1_xadc_wiz_0_0_pselect_f [\design_1_xadc_wiz_0_0_pselect_f...]
Compiling architecture imp of entity xil_defaultlib.design_1_xadc_wiz_0_0_pselect_f [\design_1_xadc_wiz_0_0_pselect_f...]
Compiling architecture imp of entity xil_defaultlib.design_1_xadc_wiz_0_0_pselect_f [\design_1_xadc_wiz_0_0_pselect_f...]
Compiling architecture imp of entity xil_defaultlib.design_1_xadc_wiz_0_0_pselect_f [\design_1_xadc_wiz_0_0_pselect_f...]
Compiling architecture imp of entity xil_defaultlib.design_1_xadc_wiz_0_0_pselect_f [\design_1_xadc_wiz_0_0_pselect_f...]
Compiling architecture imp of entity xil_defaultlib.design_1_xadc_wiz_0_0_pselect_f [\design_1_xadc_wiz_0_0_pselect_f...]
Compiling architecture imp of entity xil_defaultlib.design_1_xadc_wiz_0_0_pselect_f [\design_1_xadc_wiz_0_0_pselect_f...]
Compiling architecture imp of entity xil_defaultlib.design_1_xadc_wiz_0_0_pselect_f [\design_1_xadc_wiz_0_0_pselect_f...]
Compiling architecture imp of entity xil_defaultlib.design_1_xadc_wiz_0_0_pselect_f [\design_1_xadc_wiz_0_0_pselect_f...]
Compiling architecture imp of entity xil_defaultlib.design_1_xadc_wiz_0_0_pselect_f [\design_1_xadc_wiz_0_0_pselect_f...]
Compiling architecture imp of entity xil_defaultlib.design_1_xadc_wiz_0_0_pselect_f [\design_1_xadc_wiz_0_0_pselect_f...]
Compiling architecture imp of entity xil_defaultlib.design_1_xadc_wiz_0_0_pselect_f [\design_1_xadc_wiz_0_0_pselect_f...]
Compiling architecture imp of entity xil_defaultlib.design_1_xadc_wiz_0_0_pselect_f [\design_1_xadc_wiz_0_0_pselect_f...]
Compiling architecture imp of entity xil_defaultlib.design_1_xadc_wiz_0_0_pselect_f [\design_1_xadc_wiz_0_0_pselect_f...]
Compiling architecture imp of entity xil_defaultlib.design_1_xadc_wiz_0_0_pselect_f [\design_1_xadc_wiz_0_0_pselect_f...]
Compiling architecture imp of entity xil_defaultlib.design_1_xadc_wiz_0_0_address_decoder [\design_1_xadc_wiz_0_0_address_d...]
Compiling architecture imp of entity xil_defaultlib.design_1_xadc_wiz_0_0_slave_attachment [\design_1_xadc_wiz_0_0_slave_att...]
Compiling architecture imp of entity xil_defaultlib.design_1_xadc_wiz_0_0_axi_lite_ipif [\design_1_xadc_wiz_0_0_axi_lite_...]
Compiling architecture xadc_v of entity unisim.XADC [\XADC(init_41="0011000110100000"...]
Compiling architecture imp of entity xil_defaultlib.design_1_xadc_wiz_0_0_xadc_core_drp [\design_1_xadc_wiz_0_0_xadc_core...]
Compiling architecture implementation of entity xil_defaultlib.design_1_xadc_wiz_0_0_soft_reset [\design_1_xadc_wiz_0_0_soft_rese...]
Compiling architecture imp of entity xil_defaultlib.design_1_xadc_wiz_0_0_axi_xadc [\design_1_xadc_wiz_0_0_axi_xadc(...]
Compiling module xil_defaultlib.design_1_xadc_wiz_0_0
Compiling module xil_defaultlib.design_1
Compiling module unisims_ver.IOBUF
Compiling module xil_defaultlib.design_1_wrapper
Compiling module xil_defaultlib.glbl
Built simulation snapshot design_1_wrapper_behav
