Time resolution is 1 ps
XilinxAXIVIP: Found at Path: design_1_wrapper.design_1_i.processing_system7_0.inst.M_AXI_GP0.master
[0] : *ZYNQ_VIP_INFO : M_AXI_GP0 : Port is ENABLED.
XilinxAXIVIP: Found at Path: design_1_wrapper.design_1_i.processing_system7_0.inst.M_AXI_GP1.master
[0] : *ZYNQ_VIP_INFO : M_AXI_GP1 : Port is DISABLED.
XilinxAXIVIP: Found at Path: design_1_wrapper.design_1_i.processing_system7_0.inst.S_AXI_GP0.slave
[0] : *ZYNQ_VIP_INFO : S_AXI_GP0 : Port is DISABLED.
XilinxAXIVIP: Found at Path: design_1_wrapper.design_1_i.processing_system7_0.inst.S_AXI_GP1.slave
[0] : *ZYNQ_VIP_INFO : S_AXI_GP1 : Port is DISABLED.
XilinxAXIVIP: Found at Path: design_1_wrapper.design_1_i.processing_system7_0.inst.S_AXI_HP0.slave
[0] : *ZYNQ_VIP_INFO : S_AXI_HP0 : Port is DISABLED.
                   0 BEFORE checking line ...... x
                   0 AFTER checking line ...... x
XilinxAXIVIP: Found at Path: design_1_wrapper.design_1_i.processing_system7_0.inst.S_AXI_HP1.slave
[0] : *ZYNQ_VIP_INFO : S_AXI_HP1 : Port is DISABLED.
                   0 BEFORE checking line ...... x
                   0 AFTER checking line ...... x
XilinxAXIVIP: Found at Path: design_1_wrapper.design_1_i.processing_system7_0.inst.S_AXI_HP2.slave
[0] : *ZYNQ_VIP_INFO : S_AXI_HP2 : Port is DISABLED.
                   0 BEFORE checking line ...... x
                   0 AFTER checking line ...... x
XilinxAXIVIP: Found at Path: design_1_wrapper.design_1_i.processing_system7_0.inst.S_AXI_HP3.slave
[0] : *ZYNQ_VIP_INFO : S_AXI_HP3 : Port is DISABLED.
                   0 BEFORE checking line ...... x
                   0 AFTER checking line ...... x
XilinxAXIVIP: Found at Path: design_1_wrapper.design_1_i.processing_system7_0.inst.S_AXI_ACP.slave
[0] : *ZYNQ_VIP_INFO : S_AXI_ACP : Port is DISABLED.
Warning: *** Warning: The analog data file for XADC was not found. Use the SIM_MONITOR_FILE generic to specify the input analog data file name or use default name: design.txt. 
Time: 0 ps  Iteration: 0  Process: /design_1_wrapper/design_1_i/xadc_wiz_0/inst/AXI_XADC_CORE_I/XADC_INST/READFILE_P  File: /data/Downloads/Vivado/2023.1/data/vhdl/src/unisims/primitive/XADC.vhd
Note: axi_iic configured for SDA inertial delay of 0 clocks.
Time: 0 ps  Iteration: 0  Process: /design_1_wrapper/design_1_i/axi_iic_0/U0/X_IIC/FILTER_I/line__5051  File: /data/Downloads/Vivado/2023.1/data/ip/xilinx/axi_iic_v2_1/hdl/axi_iic_v2_1_vh_rfs.vhd
Note: axi_iic configured for SCL inertial delay of 0 clocks.
Time: 0 ps  Iteration: 0  Process: /design_1_wrapper/design_1_i/axi_iic_0/U0/X_IIC/FILTER_I/line__5025  File: /data/Downloads/Vivado/2023.1/data/ip/xilinx/axi_iic_v2_1/hdl/axi_iic_v2_1_vh_rfs.vhd
                   0 else checking line ......x
Info: [XPM_MEMORY 20-1] MEMORY_PRIMITIVE (0) instructs Vivado Synthesis to choose the memory primitive type. Depending on their values, other XPM_MEMORY parameters may preclude the choice of certain memory primitive types. Review XPM_MEMORY documentation and parameter values to understand any limitations, or set MEMORY_PRIMITIVE to a different value. design_1_wrapper.design_1_i.axi_quad_spi_0.U0.no_dual_quad_mode.QSPI_NORMAL.qspi_legacy_md_gen.QSPI_CORE_INTERFACE_I.fifo_exists.RX_FIFO_II.\gnuram_async_fifo.xpm_fifo_base_inst .\gen_sdpram.xpm_memory_base_inst .config_drc
Time: 1 ps  Iteration: 0  Process: /design_1_wrapper/design_1_i/axi_quad_spi_0/U0/no_dual_quad_mode/QSPI_NORMAL/qspi_legacy_md_gen/QSPI_CORE_INTERFACE_I/fifo_exists/RX_FIFO_II/gnuram_async_fifo.xpm_fifo_base_inst/gen_sdpram.xpm_memory_base_inst/Initial304_464  Scope: design_1_wrapper.design_1_i.axi_quad_spi_0.U0.no_dual_quad_mode.QSPI_NORMAL.qspi_legacy_md_gen.QSPI_CORE_INTERFACE_I.fifo_exists.RX_FIFO_II.\gnuram_async_fifo.xpm_fifo_base_inst .\gen_sdpram.xpm_memory_base_inst .config_drc  File: /data/Downloads/Vivado/2023.1/data/ip/xpm/xpm_memory/hdl/xpm_memory.sv Line: 508
Info: [XPM_MEMORY 20-1] MEMORY_PRIMITIVE (0) instructs Vivado Synthesis to choose the memory primitive type. Depending on their values, other XPM_MEMORY parameters may preclude the choice of certain memory primitive types. Review XPM_MEMORY documentation and parameter values to understand any limitations, or set MEMORY_PRIMITIVE to a different value. design_1_wrapper.design_1_i.axi_quad_spi_0.U0.no_dual_quad_mode.QSPI_NORMAL.qspi_legacy_md_gen.QSPI_CORE_INTERFACE_I.fifo_exists.TX_FIFO_II.xpm_fifo_instance.xpm_fifo_async_inst.\gnuram_async_fifo.xpm_fifo_base_inst .\gen_sdpram.xpm_memory_base_inst .config_drc
Time: 1 ps  Iteration: 0  Process: /design_1_wrapper/design_1_i/axi_quad_spi_0/U0/no_dual_quad_mode/QSPI_NORMAL/qspi_legacy_md_gen/QSPI_CORE_INTERFACE_I/fifo_exists/TX_FIFO_II/xpm_fifo_instance/xpm_fifo_async_inst/gnuram_async_fifo.xpm_fifo_base_inst/gen_sdpram.xpm_memory_base_inst/Initial304_464  Scope: design_1_wrapper.design_1_i.axi_quad_spi_0.U0.no_dual_quad_mode.QSPI_NORMAL.qspi_legacy_md_gen.QSPI_CORE_INTERFACE_I.fifo_exists.TX_FIFO_II.xpm_fifo_instance.xpm_fifo_async_inst.\gnuram_async_fifo.xpm_fifo_base_inst .\gen_sdpram.xpm_memory_base_inst .config_drc  File: /data/Downloads/Vivado/2023.1/data/ip/xpm/xpm_memory/hdl/xpm_memory.sv Line: 508
WARNING: 5 ns design_1_wrapper.design_1_i.processing_system7_0.inst.M_AXI_GP0.master.IF : ARESET_N can't be X/Z after 1 cycle of clock. To downgrade, use <hierarchy_path to VIP>.IF.set_enable_xchecks_to_warn(), or filter using clr_enable_xchecks.
Executing Axi4 End Of Simulation checks
Executing Axi4 End Of Simulation checks
Executing Axi4 End Of Simulation checks
Executing Axi4 End Of Simulation checks
Executing Axi4 End Of Simulation checks
Executing Axi4 End Of Simulation checks
Executing Axi4 End Of Simulation checks
Executing Axi4 End Of Simulation checks
Executing Axi4 End Of Simulation checks
