INFO: [VRFC 10-163] Analyzing VHDL file "/data/Downloads/Vivado/2023.1/project_2/project_2.ip_user_files/bd/design_1/ip/design_1_axi_gpio_0_0/sim/design_1_axi_gpio_0_0.vhd" into library xil_defaultlib
INFO: [VRFC 10-3107] analyzing entity 'design_1_axi_gpio_0_0'
INFO: [VRFC 10-163] Analyzing VHDL file "/data/Downloads/Vivado/2023.1/project_2/project_2.ip_user_files/bd/design_1/ip/design_1_rst_ps7_0_100M_0/sim/design_1_rst_ps7_0_100M_0.vhd" into library xil_defaultlib
INFO: [VRFC 10-3107] analyzing entity 'design_1_rst_ps7_0_100M_0'
INFO: [VRFC 10-163] Analyzing VHDL file "/data/Downloads/Vivado/2023.1/project_2/project_2.ip_user_files/bd/design_1/ip/design_1_axi_gpio_1_0/sim/design_1_axi_gpio_1_0.vhd" into library xil_defaultlib
INFO: [VRFC 10-3107] analyzing entity 'design_1_axi_gpio_1_0'
INFO: [VRFC 10-163] Analyzing VHDL file "/data/Downloads/Vivado/2023.1/project_2/project_2.ip_user_files/bd/design_1/ip/design_1_axi_quad_spi_0_0/sim/design_1_axi_quad_spi_0_0.vhd" into library xil_defaultlib
INFO: [VRFC 10-3107] analyzing entity 'design_1_axi_quad_spi_0_0'
INFO: [VRFC 10-163] Analyzing VHDL file "/data/Downloads/Vivado/2023.1/project_2/project_2.ip_user_files/bd/design_1/ip/design_1_axi_iic_0_0/sim/design_1_axi_iic_0_0.vhd" into library xil_defaultlib
INFO: [VRFC 10-3107] analyzing entity 'design_1_axi_iic_0_0'
INFO: [VRFC 10-163] Analyzing VHDL file "/data/Downloads/Vivado/2023.1/project_2/project_2.ip_user_files/bd/design_1/ip/design_1_axi_gpio_2_0/sim/design_1_axi_gpio_2_0.vhd" into library xil_defaultlib
INFO: [VRFC 10-3107] analyzing entity 'design_1_axi_gpio_2_0'
INFO: [VRFC 10-163] Analyzing VHDL file "/data/Downloads/Vivado/2023.1/project_2/project_2.ip_user_files/bd/design_1/ip/design_1_xadc_wiz_0_0/proc_common_v3_30_a/hdl/src/vhdl/design_1_xadc_wiz_0_0_conv_funs_pkg.vhd" into library xil_defaultlib
INFO: [VRFC 10-163] Analyzing VHDL file "/data/Downloads/Vivado/2023.1/project_2/project_2.ip_user_files/bd/design_1/ip/design_1_xadc_wiz_0_0/proc_common_v3_30_a/hdl/src/vhdl/design_1_xadc_wiz_0_0_proc_common_pkg.vhd" into library xil_defaultlib
INFO: [VRFC 10-163] Analyzing VHDL file "/data/Downloads/Vivado/2023.1/project_2/project_2.ip_user_files/bd/design_1/ip/design_1_xadc_wiz_0_0/proc_common_v3_30_a/hdl/src/vhdl/design_1_xadc_wiz_0_0_ipif_pkg.vhd" into library xil_defaultlib
INFO: [VRFC 10-163] Analyzing VHDL file "/data/Downloads/Vivado/2023.1/project_2/project_2.ip_user_files/bd/design_1/ip/design_1_xadc_wiz_0_0/proc_common_v3_30_a/hdl/src/vhdl/design_1_xadc_wiz_0_0_family_support.vhd" into library xil_defaultlib
INFO: [VRFC 10-163] Analyzing VHDL file "/data/Downloads/Vivado/2023.1/project_2/project_2.ip_user_files/bd/design_1/ip/design_1_xadc_wiz_0_0/proc_common_v3_30_a/hdl/src/vhdl/design_1_xadc_wiz_0_0_family.vhd" into library xil_defaultlib
INFO: [VRFC 10-163] Analyzing VHDL file "/data/Downloads/Vivado/2023.1/project_2/project_2.ip_user_files/bd/design_1/ip/design_1_xadc_wiz_0_0/proc_common_v3_30_a/hdl/src/vhdl/design_1_xadc_wiz_0_0_soft_reset.vhd" into library xil_defaultlib
INFO: [VRFC 10-3107] analyzing entity 'design_1_xadc_wiz_0_0_soft_reset'
INFO: [VRFC 10-163] Analyzing VHDL file "/data/Downloads/Vivado/2023.1/project_2/project_2.ip_user_files/bd/design_1/ip/design_1_xadc_wiz_0_0/proc_common_v3_30_a/hdl/src/vhdl/design_1_xadc_wiz_0_0_pselect_f.vhd" into library xil_defaultlib
INFO: [VRFC 10-3107] analyzing entity 'design_1_xadc_wiz_0_0_pselect_f'
INFO: [VRFC 10-163] Analyzing VHDL file "/data/Downloads/Vivado/2023.1/project_2/project_2.ip_user_files/bd/design_1/ip/design_1_xadc_wiz_0_0/axi_lite_ipif_v1_01_a/hdl/src/vhdl/design_1_xadc_wiz_0_0_address_decoder.vhd" into library xil_defaultlib
INFO: [VRFC 10-3107] analyzing entity 'design_1_xadc_wiz_0_0_address_decoder'
INFO: [VRFC 10-163] Analyzing VHDL file "/data/Downloads/Vivado/2023.1/project_2/project_2.ip_user_files/bd/design_1/ip/design_1_xadc_wiz_0_0/axi_lite_ipif_v1_01_a/hdl/src/vhdl/design_1_xadc_wiz_0_0_slave_attachment.vhd" into library xil_defaultlib
INFO: [VRFC 10-3107] analyzing entity 'design_1_xadc_wiz_0_0_slave_attachment'
INFO: [VRFC 10-163] Analyzing VHDL file "/data/Downloads/Vivado/2023.1/project_2/project_2.ip_user_files/bd/design_1/ip/design_1_xadc_wiz_0_0/interrupt_control_v2_01_a/hdl/src/vhdl/design_1_xadc_wiz_0_0_interrupt_control.vhd" into library xil_defaultlib
INFO: [VRFC 10-3107] analyzing entity 'design_1_xadc_wiz_0_0_interrupt_control'
INFO: [VRFC 10-163] Analyzing VHDL file "/data/Downloads/Vivado/2023.1/project_2/project_2.ip_user_files/bd/design_1/ip/design_1_xadc_wiz_0_0/axi_lite_ipif_v1_01_a/hdl/src/vhdl/design_1_xadc_wiz_0_0_axi_lite_ipif.vhd" into library xil_defaultlib
INFO: [VRFC 10-3107] analyzing entity 'design_1_xadc_wiz_0_0_axi_lite_ipif'
INFO: [VRFC 10-163] Analyzing VHDL file "/data/Downloads/Vivado/2023.1/project_2/project_2.ip_user_files/bd/design_1/ip/design_1_xadc_wiz_0_0/design_1_xadc_wiz_0_0_xadc_core_drp.vhd" into library xil_defaultlib
INFO: [VRFC 10-3107] analyzing entity 'design_1_xadc_wiz_0_0_xadc_core_drp'
INFO: [VRFC 10-163] Analyzing VHDL file "/data/Downloads/Vivado/2023.1/project_2/project_2.ip_user_files/bd/design_1/ip/design_1_xadc_wiz_0_0/design_1_xadc_wiz_0_0_axi_xadc.vhd" into library xil_defaultlib
INFO: [VRFC 10-3107] analyzing entity 'design_1_xadc_wiz_0_0_axi_xadc'
