INFO: [VRFC 10-2263] Analyzing Verilog file "/data/Downloads/Vivado/2023.1/project_2/project_2.ip_user_files/bd/design_1/ip/design_1_processing_system7_0_0/sim/design_1_processing_system7_0_0.v" into library xil_defaultlib
INFO: [VRFC 10-311] analyzing module design_1_processing_system7_0_0
INFO: [VRFC 10-2263] Analyzing Verilog file "/data/Downloads/Vivado/2023.1/project_2/project_2.ip_user_files/bd/design_1/ip/design_1_xbar_0/sim/design_1_xbar_0.v" into library xil_defaultlib
INFO: [VRFC 10-311] analyzing module design_1_xbar_0
INFO: [VRFC 10-2263] Analyzing Verilog file "/data/Downloads/Vivado/2023.1/project_2/project_2.ip_user_files/bd/design_1/ip/design_1_clk_wiz_0_0/design_1_clk_wiz_0_0_clk_wiz.v" into library xil_defaultlib
INFO: [VRFC 10-311] analyzing module design_1_clk_wiz_0_0_clk_wiz
INFO: [VRFC 10-2263] Analyzing Verilog file "/data/Downloads/Vivado/2023.1/project_2/project_2.ip_user_files/bd/design_1/ip/design_1_clk_wiz_0_0/design_1_clk_wiz_0_0.v" into library xil_defaultlib
INFO: [VRFC 10-311] analyzing module design_1_clk_wiz_0_0
INFO: [VRFC 10-2263] Analyzing Verilog file "/data/Downloads/Vivado/2023.1/project_2/project_2.ip_user_files/bd/design_1/ip/design_1_xadc_wiz_0_0/design_1_xadc_wiz_0_0.v" into library xil_defaultlib
INFO: [VRFC 10-311] analyzing module design_1_xadc_wiz_0_0
INFO: [VRFC 10-2263] Analyzing Verilog file "/data/Downloads/Vivado/2023.1/project_2/project_2.ip_user_files/bd/design_1/ip/design_1_auto_pc_0/sim/design_1_auto_pc_0.v" into library xil_defaultlib
INFO: [VRFC 10-311] analyzing module design_1_auto_pc_0
INFO: [VRFC 10-2263] Analyzing Verilog file "/data/Downloads/Vivado/2023.1/project_2/project_2.ip_user_files/bd/design_1/sim/design_1.v" into library xil_defaultlib
INFO: [VRFC 10-311] analyzing module design_1
INFO: [VRFC 10-311] analyzing module design_1_ps7_0_axi_periph_0
INFO: [VRFC 10-311] analyzing module m00_couplers_imp_15SPJYW
INFO: [VRFC 10-311] analyzing module m01_couplers_imp_XU9C55
INFO: [VRFC 10-311] analyzing module m02_couplers_imp_14WQB4R
INFO: [VRFC 10-311] analyzing module m03_couplers_imp_YFYJ3U
INFO: [VRFC 10-311] analyzing module m04_couplers_imp_17KQ732
INFO: [VRFC 10-311] analyzing module m05_couplers_imp_VQEDA7
INFO: [VRFC 10-311] analyzing module s00_couplers_imp_UYSKKA
INFO: [VRFC 10-2263] Analyzing Verilog file "/data/Downloads/Vivado/2023.1/project_2/project_2.gen/sources_1/bd/design_1/hdl/design_1_wrapper.v" into library xil_defaultlib
INFO: [VRFC 10-311] analyzing module design_1_wrapper
INFO: [VRFC 10-2263] Analyzing Verilog file "/data/Downloads/Vivado/2023.1/project_2/project_2.sim/sim_1/behav/xsim/glbl.v" into library xil_defaultlib
INFO: [VRFC 10-311] analyzing module glbl
